<?xml version="1.0" encoding="UTF-8"?>
<coverage generated="1730861669545" clover="3.2.0">
  <project timestamp="1730861669546" name="All files">
    <metrics statements="25" coveredstatements="9" conditionals="3" coveredconditionals="1" methods="3" coveredmethods="1" elements="31" coveredelements="11" complexity="0" loc="25" ncloc="25" packages="1" files="3" classes="3"/>
    <file name="App.jsx" path="C:\Dev\react-in-depth\chapter10\02_menuitem-icon\src\App.jsx">
      <metrics statements="8" coveredstatements="0" conditionals="1" coveredconditionals="0" methods="1" coveredmethods="0"/>
      <line num="1" count="0" type="cond" truecount="0" falsecount="1"/>
      <line num="3" count="0" type="stmt"/>
      <line num="4" count="0" type="stmt"/>
      <line num="5" count="0" type="stmt"/>
      <line num="6" count="0" type="stmt"/>
      <line num="7" count="0" type="stmt"/>
      <line num="8" count="0" type="stmt"/>
      <line num="10" count="0" type="stmt"/>
    </file>
    <file name="Counter.jsx" path="C:\Dev\react-in-depth\chapter10\02_menuitem-icon\src\Counter.jsx">
      <metrics statements="9" coveredstatements="9" conditionals="1" coveredconditionals="1" methods="1" coveredmethods="1"/>
      <line num="1" count="1" type="cond" truecount="1" falsecount="0"/>
      <line num="2" count="1" type="stmt"/>
      <line num="3" count="1" type="stmt"/>
      <line num="4" count="1" type="stmt"/>
      <line num="5" count="1" type="stmt"/>
      <line num="6" count="1" type="stmt"/>
      <line num="7" count="1" type="stmt"/>
      <line num="8" count="1" type="stmt"/>
      <line num="10" count="1" type="stmt"/>
    </file>
    <file name="main.jsx" path="C:\Dev\react-in-depth\chapter10\02_menuitem-icon\src\main.jsx">
      <metrics statements="8" coveredstatements="0" conditionals="1" coveredconditionals="0" methods="1" coveredmethods="0"/>
      <line num="1" count="0" type="cond" truecount="0" falsecount="1"/>
      <line num="2" count="0" type="stmt"/>
      <line num="3" count="0" type="stmt"/>
      <line num="5" count="0" type="stmt"/>
      <line num="6" count="0" type="stmt"/>
      <line num="7" count="0" type="stmt"/>
      <line num="8" count="0" type="stmt"/>
      <line num="9" count="0" type="stmt"/>
    </file>
  </project>
</coverage>
